[dexico.templatekit.co/index.html]
[backblue.gif]
[fade.gif]
[index.html]
[dexico.templatekit.co/wp-content/uploads/sites/26/2020/09/floral-bedroom-interior-with-mockup.jpg]
[dexico.templatekit.co/wp-includes/css/dist/block-library/style.minaec2.css]
[dexico.templatekit.co/feed/index.html]
[dexico.templatekit.co/wp-content/plugins/hello-merkulove/css/style.minaec2.css]
[dexico.templatekit.co/comments/feed/index.html]
[dexico.templatekit.co/sample-page-2/feed/index.html]
[dexico.templatekit.co/wp-content/plugins/template-kit-export/public/assets/css/template-kit-export-public.min365c.css]
[dexico.templatekit.co/wp-content/themes/hello-elementor/style.min1102.css]
[dexico.templatekit.co/wp-content/themes/hello-elementor/theme.min1102.css]
[dexico.templatekit.co/wp-content/plugins/elementor/assets/lib/eicons/css/elementor-icons.min192d.css]
[dexico.templatekit.co/wp-content/plugins/elementor/assets/css/frontend-lite.min8864.css]
[dexico.templatekit.co/wp-content/uploads/sites/26/2020/09/brandon-griggs-wR11KBaB86U-unsplash-1.jpg]
[dexico.templatekit.co/wp-content/uploads/sites/26/2020/09/busan-city.jpg]
[dexico.templatekit.co/wp-content/uploads/sites/26/2020/09/new-york-new-york-usa-central-park-south-skyline-from-central-park.jpg]
[dexico.templatekit.co/wp-content/uploads/sites/26/2020/09/famous-manhattan-bridge-in-new-york.jpg]
[dexico.templatekit.co/wp-content/uploads/sites/26/2020/09/nyc-skyscrapers.jpg]
[dexico.templatekit.co/wp-content/uploads/sites/26/2020/09/grant-lemons-jTCLppdwSEc-unsplash-1.jpg]
[dexico.templatekit.co/wp-content/plugins/elementor/assets/lib/swiper/css/swiper.min48f5.css]
[dexico.templatekit.co/wp-content/plugins/elementor-pro/assets/css/frontend-lite.min5d63.css]
[dexico.templatekit.co/wp-content/plugins/selection-lite/css/sticky-effect.min4b1d.css]
[dexico.templatekit.co/wp-content/plugins/elementor/assets/lib/font-awesome/css/all.min8864.css]
[dexico.templatekit.co/wp-content/plugins/elementor/assets/lib/font-awesome/css/v4-shims.min8864.css]
[dexico.templatekit.co/wp-content/plugins/elementor/assets/lib/font-awesome/css/fontawesome.min52d5.css]
[dexico.templatekit.co/wp-content/plugins/elementor/assets/lib/font-awesome/css/solid.min52d5.css]
[dexico.templatekit.co/wp-content/plugins/elementor/assets/lib/font-awesome/css/brands.min52d5.css]
[dexico.templatekit.co/wp-includes/js/jquery/jquery.minf43b.js]
[dexico.templatekit.co/wp-includes/js/jquery/jquery-migrate.min5589.js]
[dexico.templatekit.co/wp-content/plugins/template-kit-export/public/assets/js/template-kit-export-public.min365c.js]
[dexico.templatekit.co/wp-content/plugins/elementor/assets/lib/font-awesome/js/v4-shims.min8864.js]
[dexico.templatekit.co/wp-json/index.html]
[dexico.templatekit.co/wp-json/wp/v2/pages/706.json]
[dexico.templatekit.co/wp-json/oembed/1.0/embeddd44.json]
[dexico.templatekit.co/wp-json/oembed/1.0/embed3993]
[dexico.templatekit.co/wp-content/uploads/sites/26/2020/09/cropped-dexico_favicon-150x150.png]
[dexico.templatekit.co/wp-content/uploads/sites/26/2020/09/cropped-dexico_favicon-300x300.png]
[dexico.templatekit.co/wp-content/uploads/sites/26/2020/09/cropped-logo.png]
[dexico.templatekit.co/wp-content/plugins/elementor-pro/assets/css/widget-nav-menu.min.css]
[dexico.templatekit.co/template-kit/home-company/index.html]
[dexico.templatekit.co/template-kit/home-grid/index.html]
[dexico.templatekit.co/template-kit/home-4/index.html]
[dexico.templatekit.co/template-kit/propertys-style-1/index.html]
[dexico.templatekit.co/template-kit/propertys-list/index.html]
[dexico.templatekit.co/template-kit/property_details1/index.html]
[dexico.templatekit.co/template-kit/property_details2/index.html]
[dexico.templatekit.co/template-kit/agents/index.html]
[dexico.templatekit.co/template-kit/agent-details/index.html]
[dexico.templatekit.co/template-kit/about-us/index.html]
[dexico.templatekit.co/template-kit/oops]
[dexico.templatekit.co/category/dexico-company/index.html]
[dexico.templatekit.co/2020/08/15/oh-mamma-im-in-love-with-gradient/index.html]
[dexico.templatekit.co/template-kit/contacts/index.html]
[dexico.templatekit.co/wp-content/plugins/elementor-pro/assets/css/widget-theme-elements.min.css]
[dexico.templatekit.co/wp-content/uploads/sites/26/2020/09/floral-bedroom-interior-with-mockup-768x1152.jpg]
[dexico.templatekit.co/wp-content/plugins/elementor/assets/css/widget-icon-list.min.css]
[dexico.templatekit.co/wp-content/uploads/sites/26/2020/09/bed.png]
[dexico.templatekit.co/wp-content/uploads/sites/26/2020/09/crop.png]
[dexico.templatekit.co/wp-content/uploads/sites/26/2020/09/hotel-interior-768x1152.jpg]
[dexico.templatekit.co/wp-content/uploads/sites/26/2020/09/grey-scandi-workspace-interior-768x1152.jpg]
[dexico.templatekit.co/wp-content/uploads/sites/26/2020/09/luxurious-dark-interior-with-bed-768x512.jpg]
[dexico.templatekit.co/wp-content/uploads/sites/26/2020/09/grey-pillows-on-wooden-bed-in-dark-bedroom-interior-with-lamps-a-768x512.jpg]
[dexico.templatekit.co/wp-content/uploads/sites/26/2020/09/gold-and-grey-elegant-bedroom-768x512.jpg]
[dexico.templatekit.co/wp-content/uploads/sites/26/2020/09/gray-armchair-on-patterned-rug-in-dark-and-elegant-living-room-i-768x512.jpg]
[dexico.templatekit.co/wp-content/uploads/sites/26/2020/09/real-photo-of-a-retro-gray-armchair-and-wooden-cabinet-against-a-768x512.jpg]
[dexico.templatekit.co/wp-content/plugins/elementor/assets/css/widget-icon-box.min.css]
[dexico.templatekit.co/wp-content/uploads/sites/26/2020/09/modern-house-exterior-768x1151.jpg]
[dexico.templatekit.co/wp-content/uploads/sites/26/2020/09/contemporary-design-living-houses-modern-luxury-apartments-buildings--768x512.jpg]
[dexico.templatekit.co/wp-content/plugins/elementor-pro/assets/css/widget-carousel.min.css]
[dexico.templatekit.co/wp-content/uploads/sites/26/2020/09/girl.jpg]
[dexico.templatekit.co/wp-content/uploads/sites/26/2020/09/girl-1.jpg]
[dexico.templatekit.co/wp-content/uploads/sites/26/2020/09/girl-with-sparkler.jpg]
[dexico.templatekit.co/wp-content/plugins/elementor/assets/lib/animations/animations.min8864.css]
[dexico.templatekit.co/wp-content/plugins/hello-merkulove/js/script.minaec2.js]
[dexico.templatekit.co/wp-content/themes/hello-elementor/assets/js/hello-frontend.min8a54.js]
[dexico.templatekit.co/wp-content/plugins/elementor-pro/assets/lib/smartmenus/jquery.smartmenus.minf269.js]
[dexico.templatekit.co/wp-includes/js/imagesloaded.minbb93.js]
[dexico.templatekit.co/wp-content/plugins/elementor-pro/assets/js/webpack-pro.runtime.min5d63.js]
[dexico.templatekit.co/wp-content/plugins/elementor/assets/js/webpack.runtime.min8864.js]
[dexico.templatekit.co/wp-content/plugins/elementor/assets/js/frontend-modules.min8864.js]
[dexico.templatekit.co/wp-includes/js/dist/vendor/wp-polyfill-inert.min0226.js]
[dexico.templatekit.co/wp-includes/js/dist/vendor/regenerator-runtime.min6c85.js]
[dexico.templatekit.co/wp-includes/js/dist/vendor/wp-polyfill.min2c7c.js]
[dexico.templatekit.co/wp-includes/js/dist/hooks.min2ebd.js]
[dexico.templatekit.co/wp-includes/js/dist/i18n.minf92f.js]
[dexico.templatekit.co/wp-content/plugins/elementor-pro/assets/js/frontend.min5d63.js]
[dexico.templatekit.co/wp-content/plugins/elementor/assets/lib/waypoints/waypoints.min05da.js]
[dexico.templatekit.co/wp-includes/js/jquery/ui/core.min3f14.js]
[dexico.templatekit.co/wp-content/plugins/elementor/assets/js/frontend.min8864.js]
[dexico.templatekit.co/wp-content/plugins/elementor-pro/assets/js/elements-handlers.min5d63.js]
[dexico.templatekit.co/wp-content/plugins/elementor-pro/assets/lib/sticky/jquery.sticky.min5d63.js]
[dexico.templatekit.co/index.html]
[dexico.templatekit.co/wp-includes/css/dist/block-library/style.minaec2.css]
[dexico.templatekit.co/wp-content/plugins/hello-merkulove/css/style.minaec2.css]
[dexico.templatekit.co/wp-content/plugins/template-kit-export/public/assets/css/template-kit-export-public.min365c.css]
[dexico.templatekit.co/wp-content/themes/hello-elementor/style.min1102.css]
[dexico.templatekit.co/wp-content/themes/hello-elementor/theme.min1102.css]
[dexico.templatekit.co/wp-content/plugins/selection-lite/js/sticky-effect.min4b1d.js]
[dexico.templatekit.co/wp-content/plugins/elementor/assets/lib/eicons/fonts/eicons9506.eot]
[dexico.templatekit.co/wp-content/plugins/elementor/assets/lib/eicons/fonts/eicons9506.woff2]
[dexico.templatekit.co/wp-content/plugins/elementor/assets/lib/eicons/fonts/eicons9506.woff]
[dexico.templatekit.co/wp-content/plugins/elementor/assets/lib/eicons/fonts/eicons9506.ttf]
[dexico.templatekit.co/wp-content/plugins/elementor/assets/lib/eicons/css/elementor-icons.min192d.css]
[dexico.templatekit.co/wp-content/plugins/elementor/assets/css/frontend-lite.min8864.css]
[dexico.templatekit.co/wp-content/plugins/elementor/assets/lib/swiper/css/swiper.min48f5.css]
[dexico.templatekit.co/wp-content/plugins/elementor-pro/assets/css/frontend-lite.min5d63.css]
[dexico.templatekit.co/wp-content/plugins/selection-lite/css/sticky-effect.min4b1d.css]
[dexico.templatekit.co/wp-content/plugins/elementor/assets/lib/eicons/fonts/eicons9506.svg]
[dexico.templatekit.co/wp-content/plugins/elementor/assets/lib/font-awesome/webfonts/fa-brands-400.eot]
[dexico.templatekit.co/wp-content/plugins/elementor/assets/lib/font-awesome/webfonts/fa-brands-400d41d.eot]
[dexico.templatekit.co/wp-content/plugins/elementor/assets/lib/font-awesome/webfonts/fa-brands-400.woff2]
[dexico.templatekit.co/wp-content/plugins/elementor/assets/lib/font-awesome/webfonts/fa-brands-400.woff]
[dexico.templatekit.co/wp-content/plugins/elementor/assets/lib/font-awesome/webfonts/fa-brands-400.ttf]
[dexico.templatekit.co/wp-content/plugins/elementor/assets/lib/font-awesome/webfonts/fa-regular-400.eot]
[dexico.templatekit.co/wp-content/plugins/elementor/assets/lib/font-awesome/webfonts/fa-regular-400d41d.eot]
[dexico.templatekit.co/wp-content/plugins/elementor/assets/lib/font-awesome/webfonts/fa-brands-400.svg]
[dexico.templatekit.co/wp-content/plugins/elementor/assets/lib/font-awesome/webfonts/fa-regular-400.woff2]
[dexico.templatekit.co/wp-content/plugins/elementor/assets/lib/font-awesome/webfonts/fa-regular-400.woff]
[dexico.templatekit.co/wp-content/plugins/elementor/assets/lib/font-awesome/webfonts/fa-regular-400.ttf]
[dexico.templatekit.co/wp-content/plugins/elementor/assets/lib/font-awesome/webfonts/fa-regular-400.svg]
[dexico.templatekit.co/wp-content/plugins/elementor/assets/lib/font-awesome/webfonts/fa-solid-900.eot]
[dexico.templatekit.co/wp-content/plugins/elementor/assets/lib/font-awesome/webfonts/fa-solid-900d41d.eot]
[dexico.templatekit.co/wp-content/plugins/elementor/assets/lib/font-awesome/webfonts/fa-solid-900.woff2]
[dexico.templatekit.co/wp-content/plugins/elementor/assets/lib/font-awesome/webfonts/fa-solid-900.woff]
[dexico.templatekit.co/wp-content/plugins/elementor/assets/lib/font-awesome/webfonts/fa-solid-900.ttf]
[dexico.templatekit.co/wp-content/plugins/elementor/assets/lib/font-awesome/css/all.min8864.css]
[dexico.templatekit.co/wp-content/plugins/elementor/assets/lib/font-awesome/css/v4-shims.min8864.css]
[dexico.templatekit.co/wp-content/plugins/elementor/assets/lib/font-awesome/css/fontawesome.min52d5.css]
[dexico.templatekit.co/wp-content/plugins/elementor/assets/lib/font-awesome/css/solid.min52d5.css]
[dexico.templatekit.co/wp-content/plugins/elementor/assets/lib/font-awesome/css/brands.min52d5.css]
[dexico.templatekit.co/wp-content/plugins/elementor-pro/assets/css/widget-nav-menu.min.css]
[dexico.templatekit.co/wp-content/plugins/elementor/assets/lib/font-awesome/webfonts/fa-solid-900.svg]
[dexico.templatekit.co/wp-content/uploads/sites/26/2021/11/f9566b98-fe64-424c-94d6-143cb16a7741-252x1024-1.png]
[dexico.templatekit.co/wp-content/uploads/sites/26/2020/09/hernan-lucio-gJFvHkUHdSI-unsplash-1.jpg]
[dexico.templatekit.co/wp-content/uploads/sites/26/2020/09/matt-reames-aFk1RLZgJTs-unsplash-1-1.jpg]
[dexico.templatekit.co/wp-content/uploads/sites/26/2020/09/ralph-ravi-kayden-2d4lAQAlbDA-unsplash-1-1.jpg]
[dexico.templatekit.co/wp-content/uploads/sites/26/2020/09/modern-house-facade.jpg]
[dexico.templatekit.co/wp-content/uploads/sites/26/2020/09/modern-house-exterior-1.jpg]
[dexico.templatekit.co/wp-content/uploads/sites/26/2020/09/modern-house-exterior-2.jpg]
[dexico.templatekit.co/wp-content/uploads/sites/26/2020/09/modern-architectural-house-facade.jpg]
[dexico.templatekit.co/wp-json/oembed/1.0/embed02dc.json]
[dexico.templatekit.co/wp-json/oembed/1.0/embed46e1]
[dexico.templatekit.co/wp-content/uploads/sites/26/2020/09/simple-retro-interior-concept-768x512.jpg]
[dexico.templatekit.co/template-kit/home-company/https_/dexico.templatekit.co/wp-content/uploads/sites/26/2020/09/modern-house.jpg]
[dexico.templatekit.co/template-kit/home-company/https_/dexico.templatekit.co/wp-content/uploads/sites/26/2020/09/large-modern-lamp.jpg]
[dexico.templatekit.co/template-kit/home-company/https_/dexico.templatekit.co/wp-content/uploads/sites/26/2020/09/modern-bedroom-interior.jpg]
[dexico.templatekit.co/template-kit/home-company/https_/dexico.templatekit.co/wp-content/uploads/sites/26/2020/09/open-space-living-room-and-kitchen-in-glamour-family-house.jpg]
[dexico.templatekit.co/template-kit/home-company/https_/dexico.templatekit.co/wp-content/uploads/sites/26/2020/09/armchair-and-cabinet.jpg]
[dexico.templatekit.co/template-kit/home-company/index.html]
[dexico.templatekit.co/wp-content/uploads/sites/26/2021/11/b81ba391-0d5c-4e43-af57-e10dc54bb9bf-472x1024-1.png]
[dexico.templatekit.co/wp-json/oembed/1.0/embed1869.json]
[dexico.templatekit.co/wp-json/oembed/1.0/embed5c56]
[dexico.templatekit.co/wp-content/uploads/sites/26/2020/09/living-room-interior-with-posters-768x1152.jpg]
[dexico.templatekit.co/wp-content/uploads/sites/26/2020/09/minimal-black-living-room-interior-768x1152.jpg]
[dexico.templatekit.co/wp-content/uploads/sites/26/2020/09/purple-dark-bedroom-interior-768x1151.jpg]
[dexico.templatekit.co/wp-content/uploads/sites/26/2020/09/posters-in-dark-bedroom-interior-768x1152.jpg]
[dexico.templatekit.co/wp-content/uploads/sites/26/2020/09/patterned-armchair-next-to-wooden-table-in-dark-grey-living-room-768x1152.jpg]
[dexico.templatekit.co/wp-content/uploads/sites/26/2020/09/gold-elegant-bedroom-interior-768x1152.jpg]
[dexico.templatekit.co/template-kit/home-grid/index.html]
[dexico.templatekit.co/wp-content/uploads/sites/26/2021/11/8ef2db43-15d2-4f98-9564-561f66e99371-240x1024-1.png]
[dexico.templatekit.co/wp-content/uploads/sites/26/2020/09/contemporary-design-living-houses-modern-luxury-ap-PULDYE5-2-1.jpg]
[dexico.templatekit.co/wp-json/oembed/1.0/embedb426.json]
[dexico.templatekit.co/wp-json/oembed/1.0/embed3cc9]
[dexico.templatekit.co/wp-content/uploads/sites/26/2020/09/backyard-of-modern-house-768x1152.jpg]
[dexico.templatekit.co/wp-content/uploads/sites/26/2020/09/modern-house-with-garden-swimming-pool-and-wooden-deck.jpg]
[dexico.templatekit.co/wp-content/uploads/sites/26/2020/09/modern-house-with-garden-swimming-pool-and-wooden-deck-1.jpg]
[dexico.templatekit.co/wp-content/uploads/sites/26/2020/09/modern-house-with-garden-swimming-pool-and-wooden-deck-2.jpg]
[dexico.templatekit.co/wp-content/uploads/sites/26/2020/09/modern-house-with-garden-swimming-pool-and-wooden-deck-3.jpg]
[dexico.templatekit.co/wp-content/uploads/sites/26/2020/09/modern-house-with-garden-swimming-pool-and-wooden-deck-4.jpg]
[dexico.templatekit.co/wp-content/uploads/sites/26/2020/09/new-design-house-surrounded-by-green.jpg]
[dexico.templatekit.co/wp-content/uploads/sites/26/2020/09/modern-house-with-garden-swimming-pool-and-wooden-deck-5.jpg]
[dexico.templatekit.co/wp-content/uploads/sites/26/2020/09/modern-house-with-garden-swimming-pool-and-wooden-deck-6.jpg]
[dexico.templatekit.co/wp-content/uploads/sites/26/2020/09/modern-house-with-garden-swimming-pool-and-wooden-deck-7.jpg]
[dexico.templatekit.co/wp-content/uploads/sites/26/2020/09/modern-house-exterior-3.jpg]
[dexico.templatekit.co/wp-content/plugins/elementor-pro/assets/css/widget-posts.min.css]
[dexico.templatekit.co/wp-content/uploads/sites/26/2020/09/black-and-wood-interior-300x200.jpg]
[dexico.templatekit.co/wp-content/uploads/sites/26/2020/09/yellow-chair-at-desk-with-typewriter-in-dark-room-interior-with-300x200.jpg]
[dexico.templatekit.co/wp-content/uploads/sites/26/2020/09/geometric-poster-in-dark-room-300x200.jpg]
[dexico.templatekit.co/2020/08/15/five-chilling-instances-of-slips-in-time/index.html]
[dexico.templatekit.co/wp-content/plugins/elementor/assets/lib/e-gallery/css/e-gallery.min7359.css]
[dexico.templatekit.co/2020/08/15/my-secret-weapon-for-design-inspiration/index.html]
[dexico.templatekit.co/template-kit/home-4/index.html]
[dexico.templatekit.co/wp-content/plugins/elementor/assets/lib/e-gallery/js/e-gallery.min7359.js]
[dexico.templatekit.co/wp-content/uploads/sites/26/2021/11/5ad8b420-4847-462f-8f1c-980890c9e0a3-350x1024-1.png]
[dexico.templatekit.co/wp-content/uploads/sites/26/2020/09/jason-briscoe-UV81E0oXXWQ-unsplash-1.jpg]
[dexico.templatekit.co/wp-json/oembed/1.0/embed554d.json]
[dexico.templatekit.co/template-kit/propertys-style-1/index.html]
[dexico.templatekit.co/wp-json/oembed/1.0/embed86fb]
[dexico.templatekit.co/wp-content/uploads/sites/26/2021/11/03508f88-4807-48d6-8cd0-e992b2c2f190-635x1024-1.png]
[dexico.templatekit.co/template-kit/index.html]
[dexico.templatekit.co/wp-json/oembed/1.0/embed4fdb.json]
[dexico.templatekit.co/wp-json/oembed/1.0/embedd41e]
[dexico.templatekit.co/wp-content/uploads/sites/26/2020/09/real-photo-of-cozy-dark-bedroom-interior-with-many-decorative-c-768x512.jpg]
[dexico.templatekit.co/wp-content/uploads/sites/26/2020/09/real-photo-of-a-cot-standing-next-to-an-armchair-lamp-and-cupbo-768x512.jpg]
[dexico.templatekit.co/wp-content/uploads/sites/26/2020/09/grey-lounge-with-yellow-cushion-in-real-photo-of-dark-living-roo-768x512.jpg]
[dexico.templatekit.co/wp-content/uploads/sites/26/2020/09/pink-and-grey-hotel-bedroom-768x513.jpg]
[dexico.templatekit.co/wp-content/uploads/sites/26/2020/09/grey-bedroom-interior-with-fresh-plants-on-metal-rack-with-decor-768x512.jpg]
[dexico.templatekit.co/template-kit/propertys-list/index.html]
[dexico.templatekit.co/wp-content/uploads/sites/26/2021/11/67045228-41ea-4177-bab4-ed9d955ffa8e-380x1024-1.png]
[dexico.templatekit.co/wp-json/oembed/1.0/embed895b.json]
[dexico.templatekit.co/wp-json/oembed/1.0/embed5216]
[dexico.templatekit.co/wp-content/uploads/sites/26/2020/09/grey-chair-in-bedroom-1024x682.jpg]
[dexico.templatekit.co/wp-content/uploads/sites/26/2020/09/wooden-table-next-to-grey-sofa-in-dark-living-room-interior-with-1024x682.jpg]
[dexico.templatekit.co/wp-content/uploads/sites/26/2020/09/real-photo-of-dark-living-room-interior-with-glass-lamp-floral-1024x682.jpg]
[dexico.templatekit.co/wp-content/uploads/sites/26/2020/09/bright-interior-with-bed-1024x682.jpg]
[dexico.templatekit.co/wp-content/uploads/sites/26/2020/09/retro-armchair-against-a-gray-screen-next-to-a-drawing-hanging-o-1024x682.jpg]
[dexico.templatekit.co/wp-content/uploads/sites/26/2020/09/yellow-living-room-interior-768x512.jpg]
[dexico.templatekit.co/wp-content/uploads/sites/26/2020/09/dark-living-room-interior-in-real-photo-with-window-with-curtain-768x512.jpg]
[dexico.templatekit.co/wp-content/uploads/sites/26/2020/09/real-photo-of-dark-grey-living-room-interior-with-posters-and-mo-768x512.jpg]
[dexico.templatekit.co/wp-content/uploads/sites/26/2020/09/wifi.png]
[dexico.templatekit.co/wp-content/uploads/sites/26/2020/09/snowflake.png]
[dexico.templatekit.co/wp-content/uploads/sites/26/2020/09/plate.png]
[dexico.templatekit.co/wp-content/uploads/sites/26/elementor/thumbs/happy-young-arab-woman-using-digital-tablet-in-business-background-pfivvh4w643wt37zgr63ibh366c2714gk25cxy1xbc.jpg]
[dexico.templatekit.co/template-kit/property_details1/index.html]
[dexico.templatekit.co/wp-content/uploads/sites/26/2021/11/74b0d287-db35-43a1-a837-39113461ac20-934x1024-1.png]
[dexico.templatekit.co/wp-json/oembed/1.0/embedb009.json]
[dexico.templatekit.co/wp-json/oembed/1.0/embed447c]
[dexico.templatekit.co/wp-content/uploads/sites/26/2020/09/bedroom-with-bed-and-plant-768x768.jpg]
[dexico.templatekit.co/wp-content/uploads/sites/26/2020/09/contemporary-spacious-bedroom-for-hipster-768x768.jpg]
[dexico.templatekit.co/wp-content/uploads/sites/26/2020/09/modern-cozy-bedroom-768x768.jpg]
[dexico.templatekit.co/wp-content/uploads/sites/26/2020/09/modern-bedroom-with-hipster-diy-nightstand-768x768.jpg]
[dexico.templatekit.co/wp-content/uploads/sites/26/2020/09/modern-bedroom-with-hipster-furnitures-768x768.jpg]
[dexico.templatekit.co/wp-content/uploads/sites/26/2020/09/the-beginning-of-a-sunny-day-768x237.jpg]
[dexico.templatekit.co/wp-content/uploads/sites/26/2020/09/interior-of-spacious-modern-bedroom-768x237.jpg]
[dexico.templatekit.co/wp-content/uploads/sites/26/2020/09/coffee-table-in-modern-bedroom-768x236.jpg]
[dexico.templatekit.co/wp-content/uploads/sites/26/2020/09/pastel-blue-bedclothes.jpg]
[dexico.templatekit.co/template-kit/property_details2/index.html]
[dexico.templatekit.co/wp-content/uploads/sites/26/2021/11/ebe6d7b0-9d34-4497-a82b-6b9a7c8eb8b4-682x1024-1.png]
[dexico.templatekit.co/wp-json/oembed/1.0/embed37a5.json]
[dexico.templatekit.co/wp-json/oembed/1.0/embede903]
[dexico.templatekit.co/wp-content/uploads/sites/26/2020/09/business-woman-with-digital-tablet-at-home-BDL6KDU-1.jpg]
[dexico.templatekit.co/wp-content/uploads/sites/26/2020/09/business-woman-with-digital-tablet-at-home-BDL6KDU-2.jpg]
[dexico.templatekit.co/wp-content/uploads/sites/26/2020/09/business-woman-with-digital-tablet-at-home-BDL6KDU-3.jpg]
[dexico.templatekit.co/wp-content/uploads/sites/26/2020/09/business-woman-with-digital-tablet-at-home-BDL6KDU-4.jpg]
[dexico.templatekit.co/wp-content/uploads/sites/26/2020/09/business-woman-with-digital-tablet-at-home-BDL6KDU-7.jpg]
[dexico.templatekit.co/wp-content/uploads/sites/26/2020/09/business-woman-with-digital-tablet-at-home-BDL6KDU-6.jpg]
[dexico.templatekit.co/wp-content/uploads/sites/26/2020/09/business-woman-with-digital-tablet-at-home-BDL6KDU-5.jpg]
[dexico.templatekit.co/wp-content/uploads/sites/26/2020/09/business-woman-with-digital-tablet-at-home-BDL6KDU-8.jpg]
[dexico.templatekit.co/template-kit/agents/index.html]
[dexico.templatekit.co/wp-content/uploads/sites/26/2021/11/01bd7d7d-3ffe-4274-8925-b9743f869980-504x1024-1.png]
[dexico.templatekit.co/wp-json/oembed/1.0/embed1d34.json]
[dexico.templatekit.co/wp-json/oembed/1.0/embed2c2d]
[dexico.templatekit.co/wp-content/uploads/sites/26/2020/09/business-woman-with-digital-tablet-at-home-768x1151.jpg]
[dexico.templatekit.co/template-kit/agent-details/index.html]
[dexico.templatekit.co/wp-content/uploads/sites/26/2021/11/424fc5ea-35b6-4117-beb0-3cefd80f62ac-319x1024-1.png]
[dexico.templatekit.co/wp-content/uploads/sites/26/2020/09/nastuh-abootalebi-JdcJn85xD2k-unsplash-1.jpg]
[dexico.templatekit.co/wp-json/oembed/1.0/embed7fd2.json]
[dexico.templatekit.co/wp-json/oembed/1.0/embede4c4]
[dexico.templatekit.co/wp-content/uploads/sites/26/2020/09/building.png]
[dexico.templatekit.co/wp-content/uploads/sites/26/2020/09/mortgage.png]
[dexico.templatekit.co/wp-content/uploads/sites/26/2020/09/handshake.png]
[dexico.templatekit.co/wp-content/uploads/sites/26/2020/09/backyard-of-modern-house-150x150.jpg]
[dexico.templatekit.co/wp-content/uploads/sites/26/2020/09/real-photo-of-a-red-armchair-in-a-dark-living-room-interior-with-150x150.jpg]
[dexico.templatekit.co/wp-content/uploads/sites/26/2020/09/black-bedding-in-stylish-interior-150x150.jpg]
[dexico.templatekit.co/wp-content/uploads/sites/26/2020/09/dark-interior-table-vase-with-flowers-768x1152.jpg]
[dexico.templatekit.co/wp-content/uploads/sites/26/2020/09/dark-home-office-interior-768x1152.jpg]
[dexico.templatekit.co/wp-content/uploads/sites/26/2020/09/dark-black-living-room-interior-768x1152.jpg]
[dexico.templatekit.co/wp-content/uploads/sites/26/2020/09/dark-living-room-interior-with-armchairs-orange-lamp-plant-and-768x1151.jpg]
[dexico.templatekit.co/wp-content/uploads/sites/26/2020/09/douglas-sheppard-9rYfG8sWRVo-unsplash-1.jpg]
[dexico.templatekit.co/wp-content/uploads/sites/26/2020/09/kari-shea-AMyjxxLEHU4-unsplash-1.jpg]
[dexico.templatekit.co/wp-content/uploads/sites/26/2020/09/olena-sergienko-gxKL334bUK4-unsplash-1.jpg]
[dexico.templatekit.co/wp-content/uploads/sites/26/2020/09/jean-philippe-delberghe-d8_Wd8NjbnM-unsplash-1.jpg]
[dexico.templatekit.co/wp-content/uploads/sites/26/2020/09/study-space-with-scandinavian-furniture-PUPS3XJ-1.jpg]
[dexico.templatekit.co/wp-content/uploads/sites/26/2020/09/dark-grey-bedroom-interior-768x512.jpg]
[dexico.templatekit.co/wp-content/uploads/sites/26/2020/09/real-photo-of-a-red-armchair-in-a-dark-living-room-interior-with-768x512.jpg]
[dexico.templatekit.co/wp-content/uploads/sites/26/2020/09/vintage-grey-living-room-interior-768x512.jpg]
[dexico.templatekit.co/wp-content/uploads/sites/26/2020/09/simple-black-room-interior-768x512.jpg]
[dexico.templatekit.co/wp-content/uploads/sites/26/2020/09/modern-bedroom-interior-768x512.jpg]
[dexico.templatekit.co/template-kit/about-us/index.html]
[dexico.templatekit.co/template-kit/oops.html]
[dexico.templatekit.co/wp-json/wp/v2/categories/3.json]
[dexico.templatekit.co/category/dexico-company/feed/index.html]
[dexico.templatekit.co/category/dexico-company/page/2/index.html]
[dexico.templatekit.co/wp-content/uploads/sites/26/2020/09/black-and-wood-interior-768x512.jpg]
[dexico.templatekit.co/wp-content/uploads/sites/26/2020/09/yellow-chair-at-desk-with-typewriter-in-dark-room-interior-with-768x512.jpg]
[dexico.templatekit.co/wp-content/uploads/sites/26/2020/09/geometric-poster-in-dark-room-768x512.jpg]
[dexico.templatekit.co/wp-content/uploads/sites/26/2020/09/black-painting-on-dining-table-768x512.jpg]
[dexico.templatekit.co/wp-content/uploads/sites/26/2020/09/monochromatic-black-bedroom-interior-768x512.jpg]
[dexico.templatekit.co/2020/08/15/98-of-you-dont-eat-enough-of-this-crucial-food/index.html]
[dexico.templatekit.co/2020/08/15/how-to-identify-a-smart-person-in-3-minutes/index.html]
[dexico.templatekit.co/wp-content/uploads/sites/26/2020/09/modern-bedroom-with-black-wall-768x512.jpg]
[dexico.templatekit.co/2020/08/15/how-to-configure-application-color-schemes-with-custom-properties/index.html]
[dexico.templatekit.co/2020/08/14/wordpress-without-shame/index.html]
[dexico.templatekit.co/wp-content/uploads/sites/26/2020/09/real-photo-of-open-space-dark-living-room-interior-with-molding-768x512.jpg]
[dexico.templatekit.co/2020/08/14/9-things-you-should-do-when-you-wake-up/index.html]
[dexico.templatekit.co/wp-content/uploads/sites/26/2020/09/dark-interior-with-designer-chair-768x513.jpg]
[dexico.templatekit.co/category/dexico-company/index.html]
[dexico.templatekit.co/wp-content/uploads/sites/26/2020/09/black-and-wood-interior.jpg]
[dexico.templatekit.co/tag/dexico/index.html]
[dexico.templatekit.co/2020/08/14/how-technology-is-hijacking-your-mind-from-a-magician-and-google-design-ethicist/index.html]
[dexico.templatekit.co/2020/08/14/apples-latest-power-move-steals-web-traffic-from-publishers/index.html]
[dexico.templatekit.co/tag/interior/index.html]
[dexico.templatekit.co/tag/rent/index.html]
[dexico.templatekit.co/wp-json/wp/v2/posts/286.json]
[dexico.templatekit.co/tag/apartment/index.html]
[dexico.templatekit.co/tag/real-estate/index.html]
[dexico.templatekit.co/tag/design/index.html]
[dexico.templatekit.co/wp-json/oembed/1.0/embed73d9.json]
[dexico.templatekit.co/2020/08/15/oh-mamma-im-in-love-with-gradient/feed/index.html]
[dexico.templatekit.co/wp-json/oembed/1.0/embed66a8]
[dexico.templatekit.co/wp-content/plugins/elementor/assets/lib/font-awesome/css/regular.min52d5.css]
[dexico.templatekit.co/2020/08/15/oh-mamma-im-in-love-with-gradient/index.html]
[dexico.templatekit.co/author/merkulove/index.html]
[dexico.templatekit.co/wp-includes/js/comment-reply.minaec2.js]
[dexico.templatekit.co/2020/08/15/index.html]
[dexico.templatekit.co/wp-content/uploads/sites/26/2021/11/c7976483-8953-44b9-a86e-84d588dc8238-604x1024-1.png]
[dexico.templatekit.co/wp-json/oembed/1.0/embedc417.json]
[dexico.templatekit.co/template-kit/contacts/index.html]
[dexico.templatekit.co/wp-content/plugins/elementor-pro/assets/css/widget-theme-elements.min.css]
[dexico.templatekit.co/wp-content/plugins/elementor/assets/css/widget-icon-list.min.css]
[dexico.templatekit.co/wp-content/plugins/elementor/assets/css/widget-icon-box.min.css]
[dexico.templatekit.co/wp-content/plugins/elementor-pro/assets/css/widget-carousel.min.css]
[dexico.templatekit.co/wp-content/plugins/elementor/assets/lib/animations/animations.min8864.css]
[dexico.templatekit.co/wp-content/plugins/elementor/assets/lib/eicons/fonts/eicons9506.svg]
[dexico.templatekit.co/wp-content/plugins/elementor/assets/lib/font-awesome/webfonts/fa-brands-400.svg]
[dexico.templatekit.co/wp-content/plugins/elementor/assets/lib/font-awesome/webfonts/fa-regular-400.svg]
[dexico.templatekit.co/wp-content/plugins/elementor/assets/lib/font-awesome/webfonts/fa-solid-900.svg]
[dexico.templatekit.co/index198a.html]
[dexico.templatekit.co/template-kit/home-company/https_/dexico.templatekit.co/wp-content/uploads/sites/26/2020/09/modern-house.html]
[dexico.templatekit.co/template-kit/home-company/https_/dexico.templatekit.co/wp-content/uploads/sites/26/2020/09/large-modern-lamp.html]
[dexico.templatekit.co/template-kit/home-company/https_/dexico.templatekit.co/wp-content/uploads/sites/26/2020/09/modern-bedroom-interior.html]
[dexico.templatekit.co/template-kit/home-company/https_/dexico.templatekit.co/wp-content/uploads/sites/26/2020/09/open-space-living-room-and-kitchen-in-glamour-family-house.html]
[dexico.templatekit.co/template-kit/home-company/https_/dexico.templatekit.co/wp-content/uploads/sites/26/2020/09/armchair-and-cabinet.html]
[dexico.templatekit.co/index9fa1.html]
[dexico.templatekit.co/index5750.html]
[dexico.templatekit.co/wp-content/uploads/sites/26/2020/09/modern-house-with-garden-swimming-pool-and-wooden-deck.html]
[dexico.templatekit.co/wp-content/uploads/sites/26/2020/09/modern-house-with-garden-swimming-pool-and-wooden-deck-1.html]
[dexico.templatekit.co/wp-content/uploads/sites/26/2020/09/modern-house-with-garden-swimming-pool-and-wooden-deck-2.html]
[dexico.templatekit.co/wp-content/uploads/sites/26/2020/09/modern-house-with-garden-swimming-pool-and-wooden-deck-3.html]
[dexico.templatekit.co/wp-content/uploads/sites/26/2020/09/modern-house-with-garden-swimming-pool-and-wooden-deck-4.html]
[dexico.templatekit.co/wp-content/uploads/sites/26/2020/09/new-design-house-surrounded-by-green.html]
[dexico.templatekit.co/wp-content/uploads/sites/26/2020/09/modern-house-with-garden-swimming-pool-and-wooden-deck-5.html]
[dexico.templatekit.co/wp-content/uploads/sites/26/2020/09/modern-house-with-garden-swimming-pool-and-wooden-deck-6.html]
[dexico.templatekit.co/wp-content/uploads/sites/26/2020/09/modern-house-with-garden-swimming-pool-and-wooden-deck-7.html]
[dexico.templatekit.co/wp-content/uploads/sites/26/2020/09/modern-house-exterior-3.html]
[dexico.templatekit.co/wp-content/plugins/elementor-pro/assets/css/widget-posts.min.css]
[dexico.templatekit.co/wp-json/oembed/1.0/embedab84]
[dexico.templatekit.co/wp-content/uploads/sites/26/2020/09/yellow-chair-at-desk-with-typewriter-in-dark-room-interior-with.jpg]
[dexico.templatekit.co/2020/08/15/five-chilling-instances-of-slips-in-time/feed/index.html]
[dexico.templatekit.co/wp-json/wp/v2/posts/289.json]
[dexico.templatekit.co/wp-json/oembed/1.0/embed7976.json]
[dexico.templatekit.co/2020/08/15/five-chilling-instances-of-slips-in-time/index.html]
[dexico.templatekit.co/wp-json/oembed/1.0/embeddb75]
[dexico.templatekit.co/wp-content/uploads/sites/26/2020/09/geometric-poster-in-dark-room.jpg]
[dexico.templatekit.co/wp-json/wp/v2/posts/18.json]
[dexico.templatekit.co/2020/08/15/my-secret-weapon-for-design-inspiration/feed/index.html]
[dexico.templatekit.co/wp-json/oembed/1.0/embeda44b.json]
[dexico.templatekit.co/2020/08/15/my-secret-weapon-for-design-inspiration/index.html]
[dexico.templatekit.co/wp-content/plugins/elementor/assets/lib/e-gallery/css/e-gallery.min7359.css]
[dexico.templatekit.co/index0114.html]
[dexico.templatekit.co/wp-json/oembed/1.0/embed7f98]
[dexico.templatekit.co/wp-content/uploads/sites/26/2021/11/Screenshot-2021-11-24-at-14.18.34-768x331.png]
[dexico.templatekit.co/template-kit/feed/index.html]
[dexico.templatekit.co/template-kit/page/2/index.html]
[dexico.templatekit.co/template-kit/news-section/index.html]
[dexico.templatekit.co/wp-content/uploads/sites/26/2021/11/Screenshot-2021-11-24-at-14.18.12-768x411.png]
[dexico.templatekit.co/template-kit/hero-section-variant-2/index.html]
[dexico.templatekit.co/template-kit/our-contacts-section/index.html]
[dexico.templatekit.co/wp-content/uploads/sites/26/2021/11/Screenshot-2021-11-24-at-14.17.46-768x260.png]
[dexico.templatekit.co/template-kit/real-estate-agents-grid/index.html]
[dexico.templatekit.co/wp-content/uploads/sites/26/2021/11/Screenshot-2021-11-24-at-14.17.21-768x355.png]
[dexico.templatekit.co/wp-content/uploads/sites/26/2021/11/Screenshot-2021-11-24-at-14.16.53-768x358.png]
[dexico.templatekit.co/template-kit/about-company-gallery-section/index.html]
[dexico.templatekit.co/wp-content/uploads/sites/26/2021/11/Screenshot-2021-11-24-at-14.16.29-768x157.png]
[dexico.templatekit.co/template-kit/grid-photo-gallery-section/index.html]
[dexico.templatekit.co/wp-content/uploads/sites/26/2021/11/Screenshot-2021-11-24-at-14.16.00-768x265.png]
[dexico.templatekit.co/template-kit/company-features-section/index.html]
[dexico.templatekit.co/wp-content/uploads/sites/26/2021/11/Screenshot-2021-11-24-at-14.15.26-768x234.png]
[dexico.templatekit.co/template-kit/minimalistic-footer-section/index.html]
[dexico.templatekit.co/wp-content/uploads/sites/26/2021/11/Screenshot-2021-11-24-at-14.24.54-768x427.png]
[dexico.templatekit.co/template-kit/photo-gallery-section/index.html]
[dexico.templatekit.co/wp-content/uploads/sites/26/2021/11/Screenshot-2021-11-24-at-14.24.22-768x304.png]
[dexico.templatekit.co/template-kit/index.html]
[dexico.templatekit.co/index8a71.html]
[dexico.templatekit.co/indexd1a7.html]
[dexico.templatekit.co/indexa09e.html]
[dexico.templatekit.co/wp-content/uploads/sites/26/2020/09/pastel-blue-bedclothes.html]
[dexico.templatekit.co/indexd1c3.html]
[dexico.templatekit.co/index28c5.html]
[dexico.templatekit.co/indexea0f.html]
[dexico.templatekit.co/template-kit/page/3/index.html]
[dexico.templatekit.co/template-kit/page/4/index.html]
[dexico.templatekit.co/template-kit/about-us-section/index.html]
[dexico.templatekit.co/wp-content/uploads/sites/26/2020/09/plants-and-black-and-gold-posters-in-grey-bedroom-interior-with-768x512.jpg]
[dexico.templatekit.co/category/dexico-company/page/2/index.html]
[dexico.templatekit.co/2020/08/14/im-going-to-tell-you-the-biggest-secret-about-competing-on-masterchef/index.html]
[dexico.templatekit.co/2020/08/14/how-introverts-can-be-effective-activists/index.html]
[dexico.templatekit.co/wp-content/uploads/sites/26/2020/09/black-painting-on-dining-table.jpg]
[dexico.templatekit.co/2020/08/14/why-do-all-websites-look-the-same/index.html]
[dexico.templatekit.co/wp-json/wp/v2/posts/288.json]
[dexico.templatekit.co/2020/08/15/98-of-you-dont-eat-enough-of-this-crucial-food/feed/index.html]
[dexico.templatekit.co/wp-json/oembed/1.0/embed58c5.json]
[dexico.templatekit.co/2020/08/15/98-of-you-dont-eat-enough-of-this-crucial-food/index.html]
[dexico.templatekit.co/wp-json/oembed/1.0/embed9db1]
[dexico.templatekit.co/wp-content/uploads/sites/26/2020/09/real-photo-of-dark-grey-living-room-interior-with-posters-and-mo.jpg]
[dexico.templatekit.co/wp-json/wp/v2/posts/287.json]
[dexico.templatekit.co/2020/08/15/how-to-identify-a-smart-person-in-3-minutes/feed/index.html]
[dexico.templatekit.co/wp-json/oembed/1.0/embed72db.json]
[dexico.templatekit.co/2020/08/15/how-to-identify-a-smart-person-in-3-minutes/index.html]
[dexico.templatekit.co/wp-json/oembed/1.0/embedcb60]
[dexico.templatekit.co/wp-content/uploads/sites/26/2020/09/monochromatic-black-bedroom-interior.jpg]
[dexico.templatekit.co/wp-json/wp/v2/posts/285.json]
[dexico.templatekit.co/2020/08/15/how-to-configure-application-color-schemes-with-custom-properties/feed/index.html]
[dexico.templatekit.co/wp-json/oembed/1.0/embede498.json]
[dexico.templatekit.co/2020/08/15/how-to-configure-application-color-schemes-with-custom-properties/index.html]
[dexico.templatekit.co/wp-json/oembed/1.0/embedda03]
[dexico.templatekit.co/wp-content/uploads/sites/26/2020/09/modern-bedroom-with-black-wall.jpg]
[dexico.templatekit.co/wp-json/wp/v2/posts/59.json]
[dexico.templatekit.co/2020/08/14/9-things-you-should-do-when-you-wake-up/feed/index.html]
[dexico.templatekit.co/wp-json/oembed/1.0/embed1fa7.json]
[dexico.templatekit.co/2020/08/14/9-things-you-should-do-when-you-wake-up/index.html]
[dexico.templatekit.co/wp-json/oembed/1.0/embed51ce]
[dexico.templatekit.co/wp-content/uploads/sites/26/2020/09/real-photo-of-open-space-dark-living-room-interior-with-molding.jpg]
[dexico.templatekit.co/2020/08/14/index.html]
[dexico.templatekit.co/2020/08/14/wordpress-without-shame/feed/index.html]
[dexico.templatekit.co/wp-json/wp/v2/posts/292.json]
[dexico.templatekit.co/wp-json/oembed/1.0/embedcd70.json]
[dexico.templatekit.co/2020/08/14/wordpress-without-shame/index.html]
[dexico.templatekit.co/wp-json/oembed/1.0/embeda5dd]
[dexico.templatekit.co/wp-content/uploads/sites/26/2020/09/dark-interior-with-designer-chair.jpg]
[dexico.templatekit.co/wp-json/wp/v2/posts/291.json]
[dexico.templatekit.co/2020/08/14/how-technology-is-hijacking-your-mind-from-a-magician-and-google-design-ethicist/feed/index.html]
[dexico.templatekit.co/wp-json/oembed/1.0/embed8c49.json]
[dexico.templatekit.co/2020/08/14/how-technology-is-hijacking-your-mind-from-a-magician-and-google-design-ethicist/index.html]
[dexico.templatekit.co/wp-json/oembed/1.0/embed00a2]
[dexico.templatekit.co/wp-content/uploads/sites/26/2020/09/gold-and-grey-elegant-bedroom.jpg]
[dexico.templatekit.co/wp-json/wp/v2/posts/290.json]
[dexico.templatekit.co/2020/08/14/apples-latest-power-move-steals-web-traffic-from-publishers/feed/index.html]
[dexico.templatekit.co/wp-json/oembed/1.0/embed4d97.json]
[dexico.templatekit.co/2020/08/14/apples-latest-power-move-steals-web-traffic-from-publishers/index.html]
[dexico.templatekit.co/wp-json/oembed/1.0/embedcf47]
[dexico.templatekit.co/tag/dexico/index.html]
[dexico.templatekit.co/wp-json/wp/v2/tags/8.json]
[dexico.templatekit.co/tag/dexico/feed/index.html]
[dexico.templatekit.co/tag/interior/index.html]
[dexico.templatekit.co/wp-json/wp/v2/tags/9.json]
[dexico.templatekit.co/tag/interior/feed/index.html]
[dexico.templatekit.co/tag/rent/index.html]
[dexico.templatekit.co/wp-json/wp/v2/tags/11.json]
[dexico.templatekit.co/tag/rent/feed/index.html]
[dexico.templatekit.co/tag/real-estate/index.html]
[dexico.templatekit.co/wp-json/wp/v2/tags/10.json]
[dexico.templatekit.co/tag/real-estate/feed/index.html]
[dexico.templatekit.co/tag/apartment/index.html]
[dexico.templatekit.co/wp-json/wp/v2/tags/6.json]
[dexico.templatekit.co/tag/apartment/feed/index.html]
[dexico.templatekit.co/tag/design/index.html]
[dexico.templatekit.co/index5c97.html]
[dexico.templatekit.co/wp-json/wp/v2/tags/7.json]
[dexico.templatekit.co/tag/design/feed/index.html]
[dexico.templatekit.co/author/merkulove/index.html]
[dexico.templatekit.co/2020/08/15/index.html]
[dexico.templatekit.co/wp-content/plugins/elementor/assets/lib/font-awesome/css/regular.min52d5.css]
[dexico.templatekit.co/index0eba.html]
[dexico.templatekit.co/xmlrpc0db0.php]
[dexico.templatekit.co/index8902.html]
[dexico.templatekit.co/index0735.html]
[dexico.templatekit.co/wp-json/wp/v2/users/1.json]
[dexico.templatekit.co/author/merkulove/feed/index.html]
[dexico.templatekit.co/author/merkulove/page/2/index.html]
[dexico.templatekit.co/wp-content/uploads/sites/26/2021/11/Screenshot-2021-11-24-at-14.23.45-768x739.png]
[dexico.templatekit.co/template-kit/propertys-grid-section-v2/index.html]
[dexico.templatekit.co/wp-content/uploads/sites/26/2021/11/Screenshot-2021-11-24-at-14.23.07-768x468.png]
[dexico.templatekit.co/template-kit/about-company-video-section/index.html]
[dexico.templatekit.co/wp-content/uploads/sites/26/2021/11/Screenshot-2021-11-24-at-14.22.42-768x355.png]
[dexico.templatekit.co/template-kit/search-form-section/index.html]
[dexico.templatekit.co/wp-content/uploads/sites/26/2021/11/Screenshot-2021-11-24-at-14.22.09-768x277.png]
[dexico.templatekit.co/template-kit/testimonial-section/index.html]
[dexico.templatekit.co/wp-content/uploads/sites/26/2021/11/Screenshot-2021-11-24-at-14.21.36-768x491.png]
[dexico.templatekit.co/template-kit/about-company-section/index.html]
[dexico.templatekit.co/wp-content/uploads/sites/26/2021/11/Screenshot-2021-11-24-at-14.20.59-768x334.png]
[dexico.templatekit.co/template-kit/property-gallery-section/index.html]
[dexico.templatekit.co/wp-content/uploads/sites/26/2021/11/Screenshot-2021-11-24-at-14.20.13-768x491.png]
[dexico.templatekit.co/template-kit/propertys-grid/index.html]
[dexico.templatekit.co/wp-content/uploads/sites/26/2021/11/Screenshot-2021-11-24-at-14.19.36-768x293.png]
[dexico.templatekit.co/template-kit/location-sections/index.html]
[dexico.templatekit.co/template-kit/hero-section-variant-1/index.html]
[dexico.templatekit.co/wp-content/uploads/sites/26/2021/11/Screenshot-2021-11-24-at-14.26.09-768x481.png]
[dexico.templatekit.co/template-kit/page/2/index.html]
[dexico.templatekit.co/wp-content/uploads/sites/26/2021/11/Screenshot-2021-11-24-at-14.18.34.png]
[dexico.templatekit.co/wp-json/oembed/1.0/embed4459.json]
[dexico.templatekit.co/template-kit/news-section/index.html]
[dexico.templatekit.co/wp-json/oembed/1.0/embed38a4]
[dexico.templatekit.co/wp-content/uploads/sites/26/2021/11/Screenshot-2021-11-24-at-14.18.12.png]
[dexico.templatekit.co/wp-json/oembed/1.0/embedb327.json]
[dexico.templatekit.co/template-kit/hero-section-variant-2/index.html]
[dexico.templatekit.co/wp-json/oembed/1.0/embed6d77]
[dexico.templatekit.co/wp-content/uploads/sites/26/2021/11/Screenshot-2021-11-24-at-14.17.46.png]
[dexico.templatekit.co/wp-json/oembed/1.0/embed679f.json]
[dexico.templatekit.co/template-kit/our-contacts-section/index.html]
[dexico.templatekit.co/wp-json/oembed/1.0/embeddcf0]
[dexico.templatekit.co/wp-content/uploads/sites/26/2021/11/Screenshot-2021-11-24-at-14.17.21.png]
[dexico.templatekit.co/wp-json/oembed/1.0/embed9eed.json]
[dexico.templatekit.co/template-kit/real-estate-agents-grid/index.html]
[dexico.templatekit.co/wp-json/oembed/1.0/embed9c2b]
[dexico.templatekit.co/wp-content/uploads/sites/26/2021/11/Screenshot-2021-11-24-at-14.16.53.png]
[dexico.templatekit.co/wp-json/oembed/1.0/embedf7a9.json]
[dexico.templatekit.co/template-kit/about-company-gallery-section/index.html]
[dexico.templatekit.co/wp-json/oembed/1.0/embede93e]
[dexico.templatekit.co/wp-content/uploads/sites/26/2021/11/Screenshot-2021-11-24-at-14.16.29.png]
[dexico.templatekit.co/wp-json/oembed/1.0/embede3e6.json]
[dexico.templatekit.co/template-kit/grid-photo-gallery-section/index.html]
[dexico.templatekit.co/wp-json/oembed/1.0/embed0a47]
[dexico.templatekit.co/wp-content/uploads/sites/26/2021/11/Screenshot-2021-11-24-at-14.16.00.png]
[dexico.templatekit.co/wp-json/oembed/1.0/embedc76f.json]
[dexico.templatekit.co/template-kit/company-features-section/index.html]
[dexico.templatekit.co/wp-json/oembed/1.0/embed50cc]
[dexico.templatekit.co/wp-content/uploads/sites/26/2021/11/Screenshot-2021-11-24-at-14.15.26.png]
[dexico.templatekit.co/wp-json/oembed/1.0/embed7e71.json]
[dexico.templatekit.co/template-kit/minimalistic-footer-section/index.html]
[dexico.templatekit.co/wp-json/oembed/1.0/embed9839]
[dexico.templatekit.co/wp-content/uploads/sites/26/2021/11/Screenshot-2021-11-24-at-14.24.54.png]
[dexico.templatekit.co/wp-json/oembed/1.0/embed5b1e.json]
[dexico.templatekit.co/wp-json/oembed/1.0/embed5435]
[dexico.templatekit.co/template-kit/photo-gallery-section/https_/dexico.templatekit.co/wp-content/uploads/sites/26/2020/09/modern-house.jpg]
[dexico.templatekit.co/template-kit/photo-gallery-section/https_/dexico.templatekit.co/wp-content/uploads/sites/26/2020/09/large-modern-lamp.jpg]
[dexico.templatekit.co/template-kit/photo-gallery-section/https_/dexico.templatekit.co/wp-content/uploads/sites/26/2020/09/modern-bedroom-interior.jpg]
[dexico.templatekit.co/template-kit/photo-gallery-section/https_/dexico.templatekit.co/wp-content/uploads/sites/26/2020/09/open-space-living-room-and-kitchen-in-glamour-family-house.jpg]
[dexico.templatekit.co/template-kit/photo-gallery-section/https_/dexico.templatekit.co/wp-content/uploads/sites/26/2020/09/armchair-and-cabinet.jpg]
[dexico.templatekit.co/template-kit/photo-gallery-section/index.html]
[dexico.templatekit.co/wp-content/uploads/sites/26/2021/11/Screenshot-2021-11-24-at-14.24.22.png]
[dexico.templatekit.co/wp-json/oembed/1.0/embedabf9.json]
[dexico.templatekit.co/template-kit/about-us-section/index.html]
[dexico.templatekit.co/wp-json/oembed/1.0/embed565f]
[dexico.templatekit.co/wp-content/uploads/sites/26/2021/11/74b0d287-db35-43a1-a837-39113461ac20-934x1024-1-768x842.png]
[dexico.templatekit.co/template-kit/page/3/index.html]
[dexico.templatekit.co/wp-content/uploads/sites/26/2021/11/97f2fb58-5971-4639-b777-51d52aa0c0c5-259x1024-1.png]
[dexico.templatekit.co/template-kit/page/4/index.html]
[dexico.templatekit.co/template-kit/home/index.html]
[dexico.templatekit.co/wp-content/uploads/sites/26/2020/09/simple-black-room-interior.jpg]
[dexico.templatekit.co/wp-json/wp/v2/posts/269.json]
[dexico.templatekit.co/2020/08/14/im-going-to-tell-you-the-biggest-secret-about-competing-on-masterchef/feed/index.html]
[dexico.templatekit.co/wp-json/oembed/1.0/embed3593.json]
[dexico.templatekit.co/2020/08/14/im-going-to-tell-you-the-biggest-secret-about-competing-on-masterchef/index.html]
[dexico.templatekit.co/wp-json/oembed/1.0/embed6a65]
[dexico.templatekit.co/wp-content/uploads/sites/26/2020/09/plants-and-black-and-gold-posters-in-grey-bedroom-interior-with.jpg]
[dexico.templatekit.co/wp-json/wp/v2/posts/268.json]
[dexico.templatekit.co/2020/08/14/how-introverts-can-be-effective-activists/feed/index.html]
[dexico.templatekit.co/wp-json/oembed/1.0/embed742a.json]
[dexico.templatekit.co/2020/08/14/how-introverts-can-be-effective-activists/index.html]
[dexico.templatekit.co/wp-json/oembed/1.0/embedbddd]
[dexico.templatekit.co/wp-content/uploads/sites/26/2020/09/grey-scandi-workspace-interior.jpg]
[dexico.templatekit.co/wp-json/wp/v2/posts/267.json]
[dexico.templatekit.co/2020/08/14/why-do-all-websites-look-the-same/feed/index.html]
[dexico.templatekit.co/wp-json/oembed/1.0/embed74f7.json]
[dexico.templatekit.co/2020/08/14/why-do-all-websites-look-the-same/index.html]
[dexico.templatekit.co/index1d24.html]
[dexico.templatekit.co/index486a.html]
[dexico.templatekit.co/indexd0b8.html]
[dexico.templatekit.co/index1098.html]
[dexico.templatekit.co/2020/08/14/index.html]
[dexico.templatekit.co/index2af5.html]
[dexico.templatekit.co/index820e.html]
[dexico.templatekit.co/index5b31.html]
[dexico.templatekit.co/author/merkulove/page/2/index.html]
[dexico.templatekit.co/wp-json/oembed/1.0/embedbd91]
[dexico.templatekit.co/wp-content/uploads/sites/26/2021/11/Screenshot-2021-11-24-at-14.23.45.png]
[dexico.templatekit.co/wp-json/oembed/1.0/embedb115.json]
[dexico.templatekit.co/template-kit/propertys-grid-section-v2/index.html]
[dexico.templatekit.co/wp-json/oembed/1.0/embed5a6b]
[dexico.templatekit.co/wp-content/uploads/sites/26/2021/11/Screenshot-2021-11-24-at-14.23.07.png]
[dexico.templatekit.co/wp-json/oembed/1.0/embedc228.json]
[dexico.templatekit.co/template-kit/about-company-video-section/index.html]
[dexico.templatekit.co/wp-json/oembed/1.0/embed009f]
[dexico.templatekit.co/wp-content/uploads/sites/26/2021/11/Screenshot-2021-11-24-at-14.22.42.png]
[dexico.templatekit.co/wp-json/oembed/1.0/embed179c.json]
[dexico.templatekit.co/template-kit/search-form-section/index.html]
[dexico.templatekit.co/wp-json/oembed/1.0/embed3cb8]
[dexico.templatekit.co/wp-content/uploads/sites/26/2021/11/Screenshot-2021-11-24-at-14.22.09.png]
[dexico.templatekit.co/wp-json/oembed/1.0/embed6fd2.json]
[dexico.templatekit.co/template-kit/testimonial-section/index.html]
[dexico.templatekit.co/wp-json/oembed/1.0/embedd540]
[dexico.templatekit.co/wp-content/uploads/sites/26/2021/11/Screenshot-2021-11-24-at-14.21.36.png]
[dexico.templatekit.co/wp-json/oembed/1.0/embede8a5.json]
[dexico.templatekit.co/template-kit/about-company-section/index.html]
[dexico.templatekit.co/wp-json/oembed/1.0/embed5495]
[dexico.templatekit.co/wp-content/uploads/sites/26/2021/11/Screenshot-2021-11-24-at-14.20.59.png]
[dexico.templatekit.co/wp-json/oembed/1.0/embed4d7b.json]
[dexico.templatekit.co/template-kit/property-gallery-section/index.html]
[dexico.templatekit.co/wp-json/oembed/1.0/embedff5a]
[dexico.templatekit.co/wp-content/uploads/sites/26/2021/11/Screenshot-2021-11-24-at-14.20.13.png]
[dexico.templatekit.co/wp-json/oembed/1.0/embed8284.json]
[dexico.templatekit.co/template-kit/propertys-grid/index.html]
[dexico.templatekit.co/wp-json/oembed/1.0/embed2dca]
[dexico.templatekit.co/wp-content/uploads/sites/26/2021/11/Screenshot-2021-11-24-at-14.19.36.png]
[dexico.templatekit.co/wp-json/oembed/1.0/embed5977.json]
[dexico.templatekit.co/template-kit/location-sections/index.html]
[dexico.templatekit.co/wp-json/oembed/1.0/embed8c5e]
[dexico.templatekit.co/wp-content/uploads/sites/26/2021/11/Screenshot-2021-11-24-at-14.26.09.png]
[dexico.templatekit.co/wp-json/oembed/1.0/embedf461.json]
[dexico.templatekit.co/template-kit/hero-section-variant-1/index.html]
[dexico.templatekit.co/index0111.html]
[dexico.templatekit.co/index31fc.html]
[dexico.templatekit.co/indexb4ec.html]
[dexico.templatekit.co/index54f6.html]
[dexico.templatekit.co/index8631.html]
[dexico.templatekit.co/index767a.html]
[dexico.templatekit.co/indexf425.html]
[dexico.templatekit.co/index2fb6.html]
[dexico.templatekit.co/indexd4f5.html]
[dexico.templatekit.co/template-kit/photo-gallery-section/https_/dexico.templatekit.co/wp-content/uploads/sites/26/2020/09/modern-house.html]
[dexico.templatekit.co/template-kit/photo-gallery-section/https_/dexico.templatekit.co/wp-content/uploads/sites/26/2020/09/large-modern-lamp.html]
[dexico.templatekit.co/template-kit/photo-gallery-section/https_/dexico.templatekit.co/wp-content/uploads/sites/26/2020/09/modern-bedroom-interior.html]
[dexico.templatekit.co/template-kit/photo-gallery-section/https_/dexico.templatekit.co/wp-content/uploads/sites/26/2020/09/open-space-living-room-and-kitchen-in-glamour-family-house.html]
[dexico.templatekit.co/template-kit/photo-gallery-section/https_/dexico.templatekit.co/wp-content/uploads/sites/26/2020/09/armchair-and-cabinet.html]
[dexico.templatekit.co/indexc9c1.html]
[dexico.templatekit.co/wp-json/oembed/1.0/embedcbe7]
[dexico.templatekit.co/wp-json/oembed/1.0/embed126b.json]
[dexico.templatekit.co/template-kit/home/index.html]
[dexico.templatekit.co/index67bc.html]
[dexico.templatekit.co/indexc524.html]
[dexico.templatekit.co/index3786.html]
[dexico.templatekit.co/indexa818.html]
[dexico.templatekit.co/indexa26f.html]
[dexico.templatekit.co/index0ae0.html]
[dexico.templatekit.co/indexc725.html]
[dexico.templatekit.co/indexd1c3-2.html]
[dexico.templatekit.co/indexc9fb.html]
[dexico.templatekit.co/indexb753.html]
[dexico.templatekit.co/indexf8fc.html]
[dexico.templatekit.co/index9c09.html]
[dexico.templatekit.co/index2dc4.html]
[dexico.templatekit.co/wp-json/oembed/1.0/embed99b6]
